[0.331s] DEBUG:colcon:Command line arguments: ['/usr/bin/colcon', 'build', '--cmake-args', '-DCMAKE_BUILD_TYPE=RelWithDebInfo', '-DCMAKE_EXPORT_COMPILE_COMMANDS=1', '--symlink-install']
[0.331s] DEBUG:colcon:Parsed command line arguments: Namespace(allow_overriding=[], ament_cmake_args=None, base_paths=['.'], build_base='build', catkin_cmake_args=None, catkin_skip_building_tests=False, cmake_args=['-DCMAKE_BUILD_TYPE=RelWithDebInfo', '-DCMAKE_EXPORT_COMPILE_COMMANDS=1'], cmake_clean_cache=False, cmake_clean_first=False, cmake_force_configure=False, cmake_target=None, cmake_target_skip_unavailable=False, continue_on_error=False, event_handlers=None, executor='parallel', ignore_user_meta=False, install_base='install', log_base=None, log_level=None, main=<bound method BuildVerb.main of <colcon_core.verb.build.BuildVerb object at 0x7fb06fd2d880>>, merge_install=False, metas=['./colcon.meta'], mixin=None, mixin_files=None, mixin_verb=('build',), packages_above=None, packages_above_and_dependencies=None, packages_above_depth=None, packages_end=None, packages_ignore=None, packages_ignore_regex=None, packages_select=None, packages_select_build_failed=False, packages_select_by_dep=None, packages_select_regex=None, packages_select_test_failures=False, packages_skip=None, packages_skip_build_finished=False, packages_skip_by_dep=None, packages_skip_regex=None, packages_skip_test_passed=False, packages_skip_up_to=None, packages_start=None, packages_up_to=None, packages_up_to_regex=None, parallel_workers=8, paths=None, symlink_install=True, test_result_base=None, verb_extension=<colcon_core.verb.build.BuildVerb object at 0x7fb06fd2d880>, verb_name='build', verb_parser=<colcon_mixin.mixin.mixin_argument.MixinArgumentDecorator object at 0x7fb06fb9d6d0>)
[0.407s] Level 1:colcon.colcon_core.package_discovery:discover_packages(colcon_meta) check parameters
[0.407s] Level 1:colcon.colcon_core.package_discovery:discover_packages(recursive) check parameters
[0.407s] Level 1:colcon.colcon_core.package_discovery:discover_packages(ignore) check parameters
[0.407s] Level 1:colcon.colcon_core.package_discovery:discover_packages(path) check parameters
[0.407s] Level 1:colcon.colcon_core.package_discovery:discover_packages(colcon_meta) discover
[0.407s] Level 1:colcon.colcon_core.package_discovery:discover_packages(recursive) discover
[0.407s] INFO:colcon.colcon_core.package_discovery:Crawling recursively for packages in '/home/ataparlar/projects/leowork_ws/src/global_positioning'
[0.407s] Level 1:colcon.colcon_core.package_identification:_identify(.) by extensions ['ignore', 'ignore_ament_install']
[0.407s] Level 1:colcon.colcon_core.package_identification:_identify(.) by extension 'ignore'
[0.407s] Level 1:colcon.colcon_core.package_identification:_identify(.) by extension 'ignore_ament_install'
[0.407s] Level 1:colcon.colcon_core.package_identification:_identify(.) by extensions ['colcon_pkg']
[0.407s] Level 1:colcon.colcon_core.package_identification:_identify(.) by extension 'colcon_pkg'
[0.407s] Level 1:colcon.colcon_core.package_identification:_identify(.) by extensions ['colcon_meta']
[0.407s] Level 1:colcon.colcon_core.package_identification:_identify(.) by extension 'colcon_meta'
[0.407s] Level 1:colcon.colcon_core.package_identification:_identify(.) by extensions ['ros']
[0.407s] Level 1:colcon.colcon_core.package_identification:_identify(.) by extension 'ros'
[0.427s] DEBUG:colcon.colcon_core.package_identification:Package '.' with type 'ros.ament_cmake' and name 'global_positioning'
[0.427s] Level 1:colcon.colcon_core.package_discovery:discover_packages(recursive) using defaults
[0.427s] Level 1:colcon.colcon_core.package_discovery:discover_packages(ignore) discover
[0.427s] Level 1:colcon.colcon_core.package_discovery:discover_packages(ignore) using defaults
[0.427s] Level 1:colcon.colcon_core.package_discovery:discover_packages(path) discover
[0.427s] Level 1:colcon.colcon_core.package_discovery:discover_packages(path) using defaults
[0.447s] Level 1:colcon.colcon_core.package_discovery:discover_packages(prefix_path) check parameters
[0.447s] Level 1:colcon.colcon_core.package_discovery:discover_packages(prefix_path) discover
[0.449s] DEBUG:colcon.colcon_installed_package_information.package_discovery:Found 3 installed packages in /home/ataparlar/projects/leowork_ws/install
[0.451s] DEBUG:colcon.colcon_installed_package_information.package_discovery:Found 330 installed packages in /opt/ros/galactic
[0.454s] Level 1:colcon.colcon_core.package_discovery:discover_packages(prefix_path) using defaults
[0.543s] Level 5:colcon.colcon_core.verb:set package 'global_positioning' build argument 'cmake_args' from command line to '['-DCMAKE_BUILD_TYPE=RelWithDebInfo', '-DCMAKE_EXPORT_COMPILE_COMMANDS=1']'
[0.543s] Level 5:colcon.colcon_core.verb:set package 'global_positioning' build argument 'cmake_target' from command line to 'None'
[0.543s] Level 5:colcon.colcon_core.verb:set package 'global_positioning' build argument 'cmake_target_skip_unavailable' from command line to 'False'
[0.544s] Level 5:colcon.colcon_core.verb:set package 'global_positioning' build argument 'cmake_clean_cache' from command line to 'False'
[0.544s] Level 5:colcon.colcon_core.verb:set package 'global_positioning' build argument 'cmake_clean_first' from command line to 'False'
[0.544s] Level 5:colcon.colcon_core.verb:set package 'global_positioning' build argument 'cmake_force_configure' from command line to 'False'
[0.544s] Level 5:colcon.colcon_core.verb:set package 'global_positioning' build argument 'ament_cmake_args' from command line to 'None'
[0.544s] Level 5:colcon.colcon_core.verb:set package 'global_positioning' build argument 'catkin_cmake_args' from command line to 'None'
[0.544s] Level 5:colcon.colcon_core.verb:set package 'global_positioning' build argument 'catkin_skip_building_tests' from command line to 'False'
[0.544s] DEBUG:colcon.colcon_core.verb:Building package 'global_positioning' with the following arguments: {'ament_cmake_args': None, 'build_base': '/home/ataparlar/projects/leowork_ws/src/global_positioning/build/global_positioning', 'catkin_cmake_args': None, 'catkin_skip_building_tests': False, 'cmake_args': ['-DCMAKE_BUILD_TYPE=RelWithDebInfo', '-DCMAKE_EXPORT_COMPILE_COMMANDS=1'], 'cmake_clean_cache': False, 'cmake_clean_first': False, 'cmake_force_configure': False, 'cmake_target': None, 'cmake_target_skip_unavailable': False, 'install_base': '/home/ataparlar/projects/leowork_ws/src/global_positioning/install/global_positioning', 'merge_install': False, 'path': '/home/ataparlar/projects/leowork_ws/src/global_positioning', 'symlink_install': True, 'test_result_base': None}
[0.544s] INFO:colcon.colcon_core.executor:Executing jobs using 'parallel' executor
[0.547s] DEBUG:colcon.colcon_parallel_executor.executor.parallel:run_until_complete
[0.547s] INFO:colcon.colcon_ros.task.ament_cmake.build:Building ROS package in '/home/ataparlar/projects/leowork_ws/src/global_positioning' with build type 'ament_cmake'
[0.547s] INFO:colcon.colcon_cmake.task.cmake.build:Building CMake package in '/home/ataparlar/projects/leowork_ws/src/global_positioning'
[0.551s] INFO:colcon.colcon_core.plugin_system:Skipping extension 'colcon_core.shell.bat': Not used on non-Windows systems
[0.551s] INFO:colcon.colcon_core.shell:Skip shell extension 'powershell' for command environment: Not usable outside of PowerShell
[0.551s] DEBUG:colcon.colcon_core.shell:Skip shell extension 'dsv' for command environment
[0.562s] DEBUG:colcon.colcon_core.event_handler.log_command:Invoking command in '/home/ataparlar/projects/leowork_ws/src/global_positioning/build/global_positioning': CMAKE_PREFIX_PATH=${CMAKE_PREFIX_PATH}:/opt/ros/galactic /usr/bin/cmake /home/ataparlar/projects/leowork_ws/src/global_positioning -DCMAKE_BUILD_TYPE=RelWithDebInfo -DCMAKE_EXPORT_COMPILE_COMMANDS=1 -DAMENT_CMAKE_SYMLINK_INSTALL=1 -DCMAKE_INSTALL_PREFIX=/home/ataparlar/projects/leowork_ws/src/global_positioning/install/global_positioning
[3.254s] DEBUG:colcon.colcon_core.event_handler.log_command:Invoked command in '/home/ataparlar/projects/leowork_ws/src/global_positioning/build/global_positioning' returned '0': CMAKE_PREFIX_PATH=${CMAKE_PREFIX_PATH}:/opt/ros/galactic /usr/bin/cmake /home/ataparlar/projects/leowork_ws/src/global_positioning -DCMAKE_BUILD_TYPE=RelWithDebInfo -DCMAKE_EXPORT_COMPILE_COMMANDS=1 -DAMENT_CMAKE_SYMLINK_INSTALL=1 -DCMAKE_INSTALL_PREFIX=/home/ataparlar/projects/leowork_ws/src/global_positioning/install/global_positioning
[3.258s] DEBUG:colcon.colcon_core.event_handler.log_command:Invoking command in '/home/ataparlar/projects/leowork_ws/src/global_positioning/build/global_positioning': CMAKE_PREFIX_PATH=${CMAKE_PREFIX_PATH}:/opt/ros/galactic /usr/bin/cmake --build /home/ataparlar/projects/leowork_ws/src/global_positioning/build/global_positioning -- -j8 -l8
[31.435s] DEBUG:colcon.colcon_core.event_handler.log_command:Invoked command in '/home/ataparlar/projects/leowork_ws/src/global_positioning/build/global_positioning' returned '0': CMAKE_PREFIX_PATH=${CMAKE_PREFIX_PATH}:/opt/ros/galactic /usr/bin/cmake --build /home/ataparlar/projects/leowork_ws/src/global_positioning/build/global_positioning -- -j8 -l8
[31.473s] DEBUG:colcon.colcon_core.event_handler.log_command:Invoking command in '/home/ataparlar/projects/leowork_ws/src/global_positioning/build/global_positioning': CMAKE_PREFIX_PATH=${CMAKE_PREFIX_PATH}:/opt/ros/galactic /usr/bin/cmake --install /home/ataparlar/projects/leowork_ws/src/global_positioning/build/global_positioning
[31.643s] Level 1:colcon.colcon_core.environment:create_environment_scripts_only(global_positioning)
[31.644s] DEBUG:colcon.colcon_core.event_handler.log_command:Invoked command in '/home/ataparlar/projects/leowork_ws/src/global_positioning/build/global_positioning' returned '0': CMAKE_PREFIX_PATH=${CMAKE_PREFIX_PATH}:/opt/ros/galactic /usr/bin/cmake --install /home/ataparlar/projects/leowork_ws/src/global_positioning/build/global_positioning
[31.648s] Level 1:colcon.colcon_core.environment:checking '/home/ataparlar/projects/leowork_ws/src/global_positioning/install/global_positioning' for CMake module files
[31.649s] Level 1:colcon.colcon_core.environment:checking '/home/ataparlar/projects/leowork_ws/src/global_positioning/install/global_positioning' for CMake config files
[31.649s] Level 1:colcon.colcon_core.shell:create_environment_hook('global_positioning', 'cmake_prefix_path')
[31.650s] INFO:colcon.colcon_core.shell:Creating environment hook '/home/ataparlar/projects/leowork_ws/src/global_positioning/install/global_positioning/share/global_positioning/hook/cmake_prefix_path.ps1'
[31.650s] INFO:colcon.colcon_core.shell:Creating environment descriptor '/home/ataparlar/projects/leowork_ws/src/global_positioning/install/global_positioning/share/global_positioning/hook/cmake_prefix_path.dsv'
[31.651s] INFO:colcon.colcon_core.shell:Creating environment hook '/home/ataparlar/projects/leowork_ws/src/global_positioning/install/global_positioning/share/global_positioning/hook/cmake_prefix_path.sh'
[31.652s] Level 1:colcon.colcon_core.environment:checking '/home/ataparlar/projects/leowork_ws/src/global_positioning/install/global_positioning/lib'
[31.652s] Level 1:colcon.colcon_core.environment:checking '/home/ataparlar/projects/leowork_ws/src/global_positioning/install/global_positioning/bin'
[31.652s] Level 1:colcon.colcon_core.environment:checking '/home/ataparlar/projects/leowork_ws/src/global_positioning/install/global_positioning/lib/pkgconfig/global_positioning.pc'
[31.652s] Level 1:colcon.colcon_core.environment:checking '/home/ataparlar/projects/leowork_ws/src/global_positioning/install/global_positioning/lib/python3.8/site-packages'
[31.652s] Level 1:colcon.colcon_core.environment:checking '/home/ataparlar/projects/leowork_ws/src/global_positioning/install/global_positioning/bin'
[31.653s] INFO:colcon.colcon_core.shell:Creating package script '/home/ataparlar/projects/leowork_ws/src/global_positioning/install/global_positioning/share/global_positioning/package.ps1'
[31.654s] INFO:colcon.colcon_core.shell:Creating package descriptor '/home/ataparlar/projects/leowork_ws/src/global_positioning/install/global_positioning/share/global_positioning/package.dsv'
[31.654s] INFO:colcon.colcon_core.shell:Creating package script '/home/ataparlar/projects/leowork_ws/src/global_positioning/install/global_positioning/share/global_positioning/package.sh'
[31.655s] INFO:colcon.colcon_core.shell:Creating package script '/home/ataparlar/projects/leowork_ws/src/global_positioning/install/global_positioning/share/global_positioning/package.bash'
[31.655s] INFO:colcon.colcon_core.shell:Creating package script '/home/ataparlar/projects/leowork_ws/src/global_positioning/install/global_positioning/share/global_positioning/package.zsh'
[31.656s] Level 1:colcon.colcon_core.environment:create_file_with_runtime_dependencies(/home/ataparlar/projects/leowork_ws/src/global_positioning/install/global_positioning/share/colcon-core/packages/global_positioning)
[31.682s] Level 1:colcon.colcon_core.environment:create_environment_scripts_only(global_positioning)
[31.684s] Level 1:colcon.colcon_core.environment:checking '/home/ataparlar/projects/leowork_ws/src/global_positioning/install/global_positioning' for CMake module files
[31.684s] Level 1:colcon.colcon_core.environment:checking '/home/ataparlar/projects/leowork_ws/src/global_positioning/install/global_positioning' for CMake config files
[31.685s] Level 1:colcon.colcon_core.shell:create_environment_hook('global_positioning', 'cmake_prefix_path')
[31.685s] INFO:colcon.colcon_core.shell:Creating environment hook '/home/ataparlar/projects/leowork_ws/src/global_positioning/install/global_positioning/share/global_positioning/hook/cmake_prefix_path.ps1'
[31.686s] INFO:colcon.colcon_core.shell:Creating environment descriptor '/home/ataparlar/projects/leowork_ws/src/global_positioning/install/global_positioning/share/global_positioning/hook/cmake_prefix_path.dsv'
[31.686s] INFO:colcon.colcon_core.shell:Creating environment hook '/home/ataparlar/projects/leowork_ws/src/global_positioning/install/global_positioning/share/global_positioning/hook/cmake_prefix_path.sh'
[31.687s] Level 1:colcon.colcon_core.environment:checking '/home/ataparlar/projects/leowork_ws/src/global_positioning/install/global_positioning/lib'
[31.687s] Level 1:colcon.colcon_core.environment:checking '/home/ataparlar/projects/leowork_ws/src/global_positioning/install/global_positioning/bin'
[31.687s] Level 1:colcon.colcon_core.environment:checking '/home/ataparlar/projects/leowork_ws/src/global_positioning/install/global_positioning/lib/pkgconfig/global_positioning.pc'
[31.687s] Level 1:colcon.colcon_core.environment:checking '/home/ataparlar/projects/leowork_ws/src/global_positioning/install/global_positioning/lib/python3.8/site-packages'
[31.687s] Level 1:colcon.colcon_core.environment:checking '/home/ataparlar/projects/leowork_ws/src/global_positioning/install/global_positioning/bin'
[31.688s] INFO:colcon.colcon_core.shell:Creating package script '/home/ataparlar/projects/leowork_ws/src/global_positioning/install/global_positioning/share/global_positioning/package.ps1'
[31.689s] INFO:colcon.colcon_core.shell:Creating package descriptor '/home/ataparlar/projects/leowork_ws/src/global_positioning/install/global_positioning/share/global_positioning/package.dsv'
[31.689s] INFO:colcon.colcon_core.shell:Creating package script '/home/ataparlar/projects/leowork_ws/src/global_positioning/install/global_positioning/share/global_positioning/package.sh'
[31.690s] INFO:colcon.colcon_core.shell:Creating package script '/home/ataparlar/projects/leowork_ws/src/global_positioning/install/global_positioning/share/global_positioning/package.bash'
[31.691s] INFO:colcon.colcon_core.shell:Creating package script '/home/ataparlar/projects/leowork_ws/src/global_positioning/install/global_positioning/share/global_positioning/package.zsh'
[31.691s] Level 1:colcon.colcon_core.environment:create_file_with_runtime_dependencies(/home/ataparlar/projects/leowork_ws/src/global_positioning/install/global_positioning/share/colcon-core/packages/global_positioning)
[31.691s] DEBUG:colcon.colcon_parallel_executor.executor.parallel:closing loop
[31.692s] DEBUG:colcon.colcon_parallel_executor.executor.parallel:loop closed
[31.692s] DEBUG:colcon.colcon_parallel_executor.executor.parallel:run_until_complete finished with '0'
[31.692s] DEBUG:colcon.colcon_core.event_reactor:joining thread
[31.699s] INFO:colcon.colcon_core.plugin_system:Skipping extension 'colcon_notification.desktop_notification.terminal_notifier': Not used on non-Darwin systems
[31.699s] INFO:colcon.colcon_core.plugin_system:Skipping extension 'colcon_notification.desktop_notification.win32': Not used on non-Windows systems
[31.699s] INFO:colcon.colcon_notification.desktop_notification:Sending desktop notification using 'notify2'
[31.715s] DEBUG:colcon.colcon_core.event_reactor:joined thread
[31.715s] INFO:colcon.colcon_core.shell:Creating prefix script '/home/ataparlar/projects/leowork_ws/src/global_positioning/install/local_setup.ps1'
[31.716s] INFO:colcon.colcon_core.shell:Creating prefix util module '/home/ataparlar/projects/leowork_ws/src/global_positioning/install/_local_setup_util_ps1.py'
[31.718s] INFO:colcon.colcon_core.shell:Creating prefix chain script '/home/ataparlar/projects/leowork_ws/src/global_positioning/install/setup.ps1'
[31.719s] INFO:colcon.colcon_core.shell:Creating prefix script '/home/ataparlar/projects/leowork_ws/src/global_positioning/install/local_setup.sh'
[31.719s] INFO:colcon.colcon_core.shell:Creating prefix util module '/home/ataparlar/projects/leowork_ws/src/global_positioning/install/_local_setup_util_sh.py'
[31.720s] INFO:colcon.colcon_core.shell:Creating prefix chain script '/home/ataparlar/projects/leowork_ws/src/global_positioning/install/setup.sh'
[31.721s] INFO:colcon.colcon_core.shell:Creating prefix script '/home/ataparlar/projects/leowork_ws/src/global_positioning/install/local_setup.bash'
[31.721s] INFO:colcon.colcon_core.shell:Creating prefix chain script '/home/ataparlar/projects/leowork_ws/src/global_positioning/install/setup.bash'
[31.723s] INFO:colcon.colcon_core.shell:Creating prefix script '/home/ataparlar/projects/leowork_ws/src/global_positioning/install/local_setup.zsh'
[31.723s] INFO:colcon.colcon_core.shell:Creating prefix chain script '/home/ataparlar/projects/leowork_ws/src/global_positioning/install/setup.zsh'
